[LOG] System::create                           : Header version = 2.01.07. Current version = 2.01.07.
[LOG] Manager::init                            : maxchannels = 256 studioflags = 00000006 flags 00000000 extradriverdata 0000000000000000.
[LOG] SystemI::init                            : Initialize version=20107 (113487), maxchannels=256, flags=0x00020000
[LOG] SystemI::setOutputInternal               : Setting output to 'FMOD WASAPI Output'
[LOG] OutputWASAPI::init                       : Mix Format (WAVEFORMATEX): wFormatTag=0xFFFE, nChannels=2, nSamplesPerSec=48000, nAvgBytesPerSec=384000, nBlockAlign=8, wBitsPerSample=32, cbSize=22.
[LOG] OutputWASAPI::init                       : Mix Format (WAVEFORMATEXTENSIBLE): wValidBitsPerSample=32, dwChannelMask=0x00000003, SubFormat=00000003-0000-0010-8000-00AA00389B71.
[LOG] OutputWASAPI::init                       : Output buffer size: 4096 samples, latency: 0.00ms, period: 10.00ms, DSP buffer: 1024 * 4
[LOG] Thread::initThread                       : Init FMOD stream thread. Affinity: 0x8000000000000003, Priority: 0xFFFF7FFB, Stack Size: 98304, Semaphore: No, Sleep Time: 10, Looping: Yes.
[LOG] Thread::initThread                       : Init FMOD mixer thread. Affinity: 0x8000000000000001, Priority: 0xFFFF7FFA, Stack Size: 81920, Semaphore: No, Sleep Time: 0, Looping: Yes.
[LOG] AsyncManager::init                       : manager 0000025245A08C28 isAsync 0 updatePeriod 0.02
[LOG] AsyncManager::init                       : done
[LOG] PlaybackSystem::init                     : 
[LOG] Thread::initThread                       : Init FMOD Studio sample load thread. Affinity: 0x8000000000000003, Priority: 0xFFFF7FFD, Stack Size: 98304, Semaphore: No, Sleep Time: 1, Looping: No.
[LOG] PlaybackSystem::init                     : done
[LOG] Thread::initThread                       : Init FMOD Studio bank load thread. Affinity: 0x8000000000000003, Priority: 0xFFFF7FFD, Stack Size: 98304, Semaphore: No, Sleep Time: 1, Looping: No.
[LOG] Manager::init                            : done.
[LOG] Manager::readBank                        : fileversion = 135, compatVersion = 132 (oldest = 44, newest = 135)
[LOG] SystemI::createSound                     : filename = SnapMusicAudio/Build\Desktop/Master.bank : mode 02010082
[LOG] SystemI::createSound                     : FMOD_NONBLOCKING specified.  Putting into queue to be opened asynchronously!
[LOG] Thread::initThread                       : Init FMOD nonblocking thread (0). Affinity: 0x8000000000000003, Priority: 0xFFFF7FFC, Stack Size: 114688, Semaphore: Yes, Sleep Time: 0, Looping: Yes.
[LOG] SystemI::createSound                     : setdata soundi = 0000025246D75C68 : node = 000002515B7B0C10
[LOG] SystemI::createSound                     : add node to async list : head = 00000251AB6554D8.  list count = 0
[LOG] SystemI::createSound                     : filename = SnapMusicAudio/Build\Desktop/Master.bank : mode 02010082
[LOG] SystemI::createSound                     : FMOD_NONBLOCKING specified.  Putting into queue to be opened asynchronously!
[LOG] SystemI::createSound                     : setdata soundi = 0000025246D78188 : node = 00000252458C4850
[LOG] AsyncThread::threadFunc                  : Starting Asynchronous operation on sound 0000025246D75C68
[LOG] SystemI::createSound                     : add node to async list : head = 00000251AB6554D8.  list count = 0
[LOG] SystemI::createSoundInternal             :     Create name='SnapMusicAudio/Build\Desktop/Master.bank', mode=0x02010082
[LOG] SystemI::createSoundInternal             :     exinfo->cbsize             = 224
[LOG] SystemI::createSoundInternal             :     exinfo->length             = 3137664
[LOG] SystemI::createSoundInternal             :     exinfo->fileoffset         = 30240
[LOG] SystemI::createSoundInternal             :     exinfo->numsubsounds       = 1
[LOG] SystemI::createSoundInternal             :     exinfo->inclusionlist      = 000002515B7B0D20
[LOG] SystemI::createSoundInternal             :     exinfo->inclusionlistnum   = 1
[LOG] SystemI::createSoundInternal             :     exinfo->suggestedsoundtype = 5
[LOG] SystemI::createSoundInternal             :     exinfo->initialseekpostype = 1
[LOG] SystemI::createSoundInternal             :     Stream 0/1: name='AphexTwin-02', format=5, channels=2, frequency=48000, lengthbytes=154432, lengthpcm=579451, pcmblocksize=0, loopstart=0, loopend=0, mode=0x00000000, channelmask=0x00000000, channelorder=0, peakvolume=0.356964.
[LOG] Thread::initThread                       :     Init FMOD file thread. Affinity: 0x8000000000000003, Priority: 0xFFFF7FFC, Stack Size: 49152, Semaphore: No, Sleep Time: 10, Looping: Yes.
[LOG] AsyncThread::threadFunc                  : Finished Asynchronous operation on sound 0000025246D75C68
[LOG] AsyncThread::threadFunc                  : Starting Asynchronous operation on sound 0000025246D78188
[LOG] SystemI::createSoundInternal             :     Create name='SnapMusicAudio/Build\Desktop/Master.bank', mode=0x02010082
[LOG] SystemI::createSoundInternal             :     exinfo->cbsize             = 224
[LOG] SystemI::createSoundInternal             :     exinfo->length             = 3137664
[LOG] SystemI::createSoundInternal             :     exinfo->fileoffset         = 30240
[LOG] SystemI::createSoundInternal             :     exinfo->numsubsounds       = 1
[LOG] SystemI::createSoundInternal             :     exinfo->inclusionlist      = 00000252458C4960
[LOG] SystemI::createSoundInternal             :     exinfo->inclusionlistnum   = 1
[LOG] SystemI::createSoundInternal             :     exinfo->suggestedsoundtype = 5
[LOG] SystemI::createSoundInternal             :     exinfo->initialseekpostype = 1
[LOG] SystemI::createSoundInternal             :     Stream 0/1: name='AphexTwin-Reverse-02', format=5, channels=2, frequency=48000, lengthbytes=153632, lengthpcm=579451, pcmblocksize=0, loopstart=0, loopend=0, mode=0x00000000, channelmask=0x00000000, channelorder=0, peakvolume=0.356873.
[LOG] AsyncThread::threadFunc                  : Finished Asynchronous operation on sound 0000025246D78188
[LOG] SoundI::release                          : AphexTwin-Reverse-02 (0000025246D78188)
[LOG] SoundI::release                          :     AphexTwin-Reverse-02 (00000252BBD89528)
[LOG] SoundI::release                          :     AphexTwin-Reverse-02 (0000025246D76838)
[LOG] SoundI::release                          : AphexTwin-02 (0000025246D75C68)
[LOG] SoundI::release                          :     AphexTwin-02 (00000252BBD85AA8)
[LOG] SoundI::release                          :     AphexTwin-02 (0000025246D78BA8)
[LOG] SystemI::createSound                     : filename = SnapMusicAudio/Build\Desktop/Master.bank : mode 02010082
[LOG] SystemI::createSound                     : FMOD_NONBLOCKING specified.  Putting into queue to be opened asynchronously!
[LOG] SystemI::createSound                     : setdata soundi = 0000025246D80A38 : node = 000002515B7B0C10
[LOG] SystemI::createSound                     : add node to async list : head = 00000251AB6554D8.  list count = 0
[LOG] SystemI::createSound                     : filename = SnapMusicAudio/Build\Desktop/Master.bank : mode 02010082
[LOG] SystemI::createSound                     : FMOD_NONBLOCKING specified.  Putting into queue to be opened asynchronously!
[LOG] SystemI::createSound                     : setdata soundi = 0000025246D812A8 : node = 00000252458C4850
[LOG] AsyncThread::threadFunc                  : Starting Asynchronous operation on sound 0000025246D80A38
[LOG] SystemI::createSound                     : add node to async list : head = 00000251AB6554D8.  list count = 0
[LOG] SystemI::createSoundInternal             :     Create name='SnapMusicAudio/Build\Desktop/Master.bank', mode=0x02010082
[LOG] SystemI::createSoundInternal             :     exinfo->cbsize             = 224
[LOG] SystemI::createSoundInternal             :     exinfo->length             = 3137664
[LOG] SystemI::createSoundInternal             :     exinfo->fileoffset         = 30240
[LOG] SystemI::createSoundInternal             :     exinfo->numsubsounds       = 1
[LOG] SystemI::createSoundInternal             :     exinfo->inclusionlist      = 000002515B7B0D20
[LOG] SystemI::createSoundInternal             :     exinfo->inclusionlistnum   = 1
[LOG] SystemI::createSoundInternal             :     exinfo->suggestedsoundtype = 5
[LOG] SystemI::createSoundInternal             :     exinfo->initialseekpostype = 1
[LOG] SystemI::createSoundInternal             :     Stream 0/1: name='AphexTwin-02', format=5, channels=2, frequency=48000, lengthbytes=154432, lengthpcm=579451, pcmblocksize=0, loopstart=0, loopend=0, mode=0x00000000, channelmask=0x00000000, channelorder=0, peakvolume=0.356964.
[LOG] AsyncThread::threadFunc                  : Finished Asynchronous operation on sound 0000025246D80A38
[LOG] AsyncThread::threadFunc                  : Starting Asynchronous operation on sound 0000025246D812A8
[LOG] SystemI::createSoundInternal             :     Create name='SnapMusicAudio/Build\Desktop/Master.bank', mode=0x02010082
[LOG] SystemI::createSoundInternal             :     exinfo->cbsize             = 224
[LOG] SystemI::createSoundInternal             :     exinfo->length             = 3137664
[LOG] SystemI::createSoundInternal             :     exinfo->fileoffset         = 30240
[LOG] SystemI::createSoundInternal             :     exinfo->numsubsounds       = 1
[LOG] SystemI::createSoundInternal             :     exinfo->inclusionlist      = 00000252458C4960
[LOG] SystemI::createSoundInternal             :     exinfo->inclusionlistnum   = 1
[LOG] SystemI::createSoundInternal             :     exinfo->suggestedsoundtype = 5
[LOG] SystemI::createSoundInternal             :     exinfo->initialseekpostype = 1
[LOG] SystemI::createSoundInternal             :     Stream 0/1: name='AphexTwin-Reverse-02', format=5, channels=2, frequency=48000, lengthbytes=153632, lengthpcm=579451, pcmblocksize=0, loopstart=0, loopend=0, mode=0x00000000, channelmask=0x00000000, channelorder=0, peakvolume=0.356873.
[LOG] AsyncThread::threadFunc                  : Finished Asynchronous operation on sound 0000025246D812A8
[LOG] Manager::readBank                        : fileversion = 135, compatVersion = 132 (oldest = 44, newest = 135)
[LOG] SoundI::release                          : AphexTwin-Reverse-02 (0000025246D812A8)
[LOG] SoundI::release                          :     AphexTwin-Reverse-02 (00000252BBD896C8)
[LOG] SoundI::release                          :     AphexTwin-Reverse-02 (0000025246D81608)
[LOG] SoundI::release                          : AphexTwin-02 (0000025246D80A38)
[LOG] SoundI::release                          :     AphexTwin-02 (00000252BBD89528)
[LOG] SoundI::release                          :     AphexTwin-02 (0000025246D82A48)
[LOG] SystemI::createSound                     : filename = SnapMusicAudio/Build\Desktop/Master.bank : mode 02010082
[LOG] SystemI::createSound                     : FMOD_NONBLOCKING specified.  Putting into queue to be opened asynchronously!
[LOG] SystemI::createSound                     : setdata soundi = 0000025246D82A48 : node = 000002515B7B0C10
[LOG] SystemI::createSound                     : add node to async list : head = 00000251AB6554D8.  list count = 0
[LOG] SystemI::createSound                     : filename = SnapMusicAudio/Build\Desktop/Master.bank : mode 02010082
[LOG] SystemI::createSound                     : FMOD_NONBLOCKING specified.  Putting into queue to be opened asynchronously!
[LOG] SystemI::createSound                     : setdata soundi = 0000025246D82388 : node = 00000252458C4850
[LOG] SystemI::createSound                     : add node to async list : head = 00000251AB6554D8.  list count = 1
[LOG] AsyncThread::threadFunc                  : Starting Asynchronous operation on sound 0000025246D82A48
[LOG] SystemI::createSoundInternal             :     Create name='SnapMusicAudio/Build\Desktop/Master.bank', mode=0x02010082
[LOG] SystemI::createSoundInternal             :     exinfo->cbsize             = 224
[LOG] SystemI::createSoundInternal             :     exinfo->length             = 3137664
[LOG] SystemI::createSoundInternal             :     exinfo->fileoffset         = 30240
[LOG] SystemI::createSoundInternal             :     exinfo->numsubsounds       = 1
[LOG] SystemI::createSoundInternal             :     exinfo->inclusionlist      = 000002515B7B0D20
[LOG] SystemI::createSoundInternal             :     exinfo->inclusionlistnum   = 1
[LOG] SystemI::createSoundInternal             :     exinfo->suggestedsoundtype = 5
[LOG] SystemI::createSoundInternal             :     exinfo->initialseekpostype = 1
[LOG] SystemI::createSoundInternal             :     Stream 0/1: name='AphexTwin-02', format=5, channels=2, frequency=48000, lengthbytes=154432, lengthpcm=579451, pcmblocksize=0, loopstart=0, loopend=0, mode=0x00000000, channelmask=0x00000000, channelorder=0, peakvolume=0.356964.
[LOG] AsyncThread::threadFunc                  : Finished Asynchronous operation on sound 0000025246D82A48
[LOG] AsyncThread::threadFunc                  : Starting Asynchronous operation on sound 0000025246D82388
[LOG] SystemI::createSoundInternal             :     Create name='SnapMusicAudio/Build\Desktop/Master.bank', mode=0x02010082
[LOG] SystemI::createSoundInternal             :     exinfo->cbsize             = 224
[LOG] SystemI::createSoundInternal             :     exinfo->length             = 3137664
[LOG] SystemI::createSoundInternal             :     exinfo->fileoffset         = 30240
[LOG] SystemI::createSoundInternal             :     exinfo->numsubsounds       = 1
[LOG] SystemI::createSoundInternal             :     exinfo->inclusionlist      = 00000252458C4960
[LOG] SystemI::createSoundInternal             :     exinfo->inclusionlistnum   = 1
[LOG] SystemI::createSoundInternal             :     exinfo->suggestedsoundtype = 5
[LOG] SystemI::createSoundInternal             :     exinfo->initialseekpostype = 1
[LOG] SystemI::createSoundInternal             :     Stream 0/1: name='AphexTwin-Reverse-02', format=5, channels=2, frequency=48000, lengthbytes=153632, lengthpcm=579451, pcmblocksize=0, loopstart=0, loopend=0, mode=0x00000000, channelmask=0x00000000, channelorder=0, peakvolume=0.356873.
[LOG] AsyncThread::threadFunc                  : Finished Asynchronous operation on sound 0000025246D82388
[LOG] SoundI::release                          : AphexTwin-Reverse-02 (0000025246D82388)
[LOG] SoundI::release                          :     AphexTwin-Reverse-02 (00000252BBD89528)
[LOG] SoundI::release                          :     AphexTwin-Reverse-02 (0000025246D810F8)
[LOG] SoundI::release                          : AphexTwin-02 (0000025246D82A48)
[LOG] SoundI::release                          :     AphexTwin-02 (00000252BBD85AA8)
[LOG] SoundI::release                          :     AphexTwin-02 (0000025246D82BF8)
[LOG] Manager::readBank                        : fileversion = 135, compatVersion = 132 (oldest = 44, newest = 135)
[LOG] SoundI::release                          :  (00000251ACDAE5A8)
[LOG] SoundI::release                          :     ES_Space Door Open Whoosh (00000252BBD7F2A8)
[LOG] SoundI::release                          :  (00000251A9D02318)
[LOG] SoundI::release                          :     TENET-3 (00000252BBD81B48)
[LOG] SoundI::release                          :  (00000251ACDAE2C8)
[LOG] SoundI::release                          :     Untitled_1#01.11grab (00000252BBD7DF28)
[LOG] SoundI::release                          :  (00000251ACDAE718)
[LOG] SoundI::release                          :     laser_hum (00000252BBD833A8)
[LOG] SoundI::release                          :  (00000251A9D021A8)
[LOG] SoundI::release                          :     TENET-D (00000252BBD81808)
[LOG] SoundI::release                          :  (00000251ACDADE78)
[LOG] SoundI::release                          :     Untitled_1#01.7release (00000252BBD80148)
[LOG] SoundI::release                          :  (00000251ACDAE438)
[LOG] SoundI::release                          :     Untitled_1#01.14bump (00000252BBD82B88)
[LOG] SoundI::release                          :  (00000251ACDADFE8)
[LOG] SoundI::release                          :     TENET-1 (00000252BBD7D228)
[LOG] Thread::callback                         : FMOD Studio update thread finished.
[LOG] Thread::callback                         : FMOD Studio bank load thread finished.
[LOG] Profile::disconnectAll                   : Profiler disconnecting all clients
[LOG] Thread::callback                         : FMOD Studio sample load thread finished.
[LOG] LiveUpdate::release                      : 
[LOG] LiveUpdate::reset                        : Reset connection (reason Disconnected)
[LOG] Thread::callback                         : FMOD stream thread finished.
[LOG] Thread::callback                         : FMOD mixer thread finished.
[LOG] Profile::disconnectAll                   : Profiler disconnecting all clients
[LOG] SystemI::close                           : Closed.
